[27-May-2018 04:55:34 UTC] missing product id in ProductEdit class constructor
[28-May-2018 06:14:52 UTC] missing product id in ProductEdit class constructor
[28-May-2018 06:35:30 UTC] PHP Fatal error:  Cannot redeclare loadClass() (previously declared in /home/ubuntu/workspace/autoloader.php:2) in /home/ubuntu/workspace/autoloader.php on line 2
[28-May-2018 06:35:30 UTC] PHP Stack trace:
[28-May-2018 06:35:30 UTC] PHP   1. {main}() /home/ubuntu/workspace/admin/index.php:0
[28-May-2018 06:35:30 UTC] PHP   2. include() /home/ubuntu/workspace/admin/index.php:102
[28-May-2018 06:40:25 UTC] PHP Warning:  Missing argument 1 for ProductImages::delete(), called in /home/ubuntu/workspace/ajax/productimagesmanager.ajax.php on line 11 and defined in /home/ubuntu/workspace/classes/productimages.class.php on line 50
[28-May-2018 06:40:25 UTC] PHP Stack trace:
[28-May-2018 06:40:25 UTC] PHP   1. {main}() /home/ubuntu/workspace/ajax/productimagesmanager.ajax.php:0
[28-May-2018 06:40:25 UTC] PHP   2. ProductImages->delete() /home/ubuntu/workspace/ajax/productimagesmanager.ajax.php:11
[28-May-2018 06:40:25 UTC] PHP Warning:  Missing argument 2 for ProductImages::delete(), called in /home/ubuntu/workspace/ajax/productimagesmanager.ajax.php on line 11 and defined in /home/ubuntu/workspace/classes/productimages.class.php on line 50
[28-May-2018 06:40:25 UTC] PHP Stack trace:
[28-May-2018 06:40:25 UTC] PHP   1. {main}() /home/ubuntu/workspace/ajax/productimagesmanager.ajax.php:0
[28-May-2018 06:40:25 UTC] PHP   2. ProductImages->delete() /home/ubuntu/workspace/ajax/productimagesmanager.ajax.php:11
[28-May-2018 07:22:13 UTC] PHP Warning:  Missing argument 1 for ProductImages::delete(), called in /home/ubuntu/workspace/ajax/productimagesmanager.ajax.php on line 11 and defined in /home/ubuntu/workspace/classes/productimages.class.php on line 50
[28-May-2018 07:22:13 UTC] PHP Stack trace:
[28-May-2018 07:22:13 UTC] PHP   1. {main}() /home/ubuntu/workspace/ajax/productimagesmanager.ajax.php:0
[28-May-2018 07:22:13 UTC] PHP   2. ProductImages->delete() /home/ubuntu/workspace/ajax/productimagesmanager.ajax.php:11
[28-May-2018 07:22:13 UTC] PHP Warning:  Missing argument 2 for ProductImages::delete(), called in /home/ubuntu/workspace/ajax/productimagesmanager.ajax.php on line 11 and defined in /home/ubuntu/workspace/classes/productimages.class.php on line 50
[28-May-2018 07:22:13 UTC] PHP Stack trace:
[28-May-2018 07:22:13 UTC] PHP   1. {main}() /home/ubuntu/workspace/ajax/productimagesmanager.ajax.php:0
[28-May-2018 07:22:13 UTC] PHP   2. ProductImages->delete() /home/ubuntu/workspace/ajax/productimagesmanager.ajax.php:11
[28-May-2018 07:25:47 UTC] missing product id in ProductEdit class constructor
[28-May-2018 07:47:21 UTC] PHP Fatal error:  Call to a member function bind_param() on a non-object in /home/ubuntu/workspace/classes/productsupdate.class.php on line 65
[28-May-2018 07:47:21 UTC] PHP Stack trace:
[28-May-2018 07:47:21 UTC] PHP   1. {main}() /home/ubuntu/workspace/admin/product_edit.php:0
[28-May-2018 07:47:21 UTC] PHP   2. ProductsUpdate->deleteProduct() /home/ubuntu/workspace/admin/product_edit.php:35
[28-May-2018 07:50:38 UTC] PHP Fatal error:  Call to a member function bind_param() on a non-object in /home/ubuntu/workspace/classes/productsupdate.class.php on line 65
[28-May-2018 07:50:38 UTC] PHP Stack trace:
[28-May-2018 07:50:38 UTC] PHP   1. {main}() /home/ubuntu/workspace/admin/product_edit.php:0
[28-May-2018 07:50:38 UTC] PHP   2. ProductsUpdate->deleteProduct() /home/ubuntu/workspace/admin/product_edit.php:35
[28-May-2018 07:54:23 UTC] PHP Fatal error:  Call to a member function bind_param() on a non-object in /home/ubuntu/workspace/classes/productsupdate.class.php on line 65
[28-May-2018 07:54:23 UTC] PHP Stack trace:
[28-May-2018 07:54:23 UTC] PHP   1. {main}() /home/ubuntu/workspace/admin/product_edit.php:0
[28-May-2018 07:54:23 UTC] PHP   2. ProductsUpdate->deleteProduct() /home/ubuntu/workspace/admin/product_edit.php:35
[28-May-2018 07:55:07 UTC] PHP Fatal error:  Call to a member function bind_param() on a non-object in /home/ubuntu/workspace/classes/productsupdate.class.php on line 65
[28-May-2018 07:55:07 UTC] PHP Stack trace:
[28-May-2018 07:55:07 UTC] PHP   1. {main}() /home/ubuntu/workspace/admin/product_edit.php:0
[28-May-2018 07:55:07 UTC] PHP   2. ProductsUpdate->deleteProduct() /home/ubuntu/workspace/admin/product_edit.php:35
[28-May-2018 07:56:14 UTC] missing product id in ProductEdit class constructor
[28-May-2018 07:57:02 UTC] PHP Fatal error:  Call to a member function bind_param() on a non-object in /home/ubuntu/workspace/classes/productsupdate.class.php on line 89
[28-May-2018 07:57:02 UTC] PHP Stack trace:
[28-May-2018 07:57:02 UTC] PHP   1. {main}() /home/ubuntu/workspace/admin/product_edit.php:0
[28-May-2018 07:57:02 UTC] PHP   2. ProductsUpdate->editProduct() /home/ubuntu/workspace/admin/product_edit.php:46
[28-May-2018 08:00:36 UTC] missing product id in ProductEdit class constructor
[28-May-2018 08:01:21 UTC] missing product id in ProductEdit class constructor
[28-May-2018 08:01:43 UTC] missing product id in ProductEdit class constructor
[28-May-2018 08:10:53 UTC] PHP Parse error:  syntax error, unexpected '=' in /home/ubuntu/workspace/admin/product_edit.php on line 50
[28-May-2018 08:39:40 UTC] PHP Warning:  Missing argument 7 for ProductsUpdate::editProduct(), called in /home/ubuntu/workspace/admin/product_edit.php on line 48 and defined in /home/ubuntu/workspace/classes/productsupdate.class.php on line 83
[28-May-2018 08:39:40 UTC] PHP Stack trace:
[28-May-2018 08:39:40 UTC] PHP   1. {main}() /home/ubuntu/workspace/admin/product_edit.php:0
[28-May-2018 08:39:40 UTC] PHP   2. ProductsUpdate->editProduct() /home/ubuntu/workspace/admin/product_edit.php:48
[28-May-2018 08:39:40 UTC] PHP Warning:  Invalid argument supplied for foreach() in /home/ubuntu/workspace/classes/productsupdate.class.php on line 97
[28-May-2018 08:39:40 UTC] PHP Stack trace:
[28-May-2018 08:39:40 UTC] PHP   1. {main}() /home/ubuntu/workspace/admin/product_edit.php:0
[28-May-2018 08:39:40 UTC] PHP   2. ProductsUpdate->editProduct() /home/ubuntu/workspace/admin/product_edit.php:48
[28-May-2018 08:47:04 UTC] missing product id in ProductEdit class constructor
[28-May-2018 08:53:47 UTC] PHP Warning:  Missing argument 1 for ProductImages::delete(), called in /home/ubuntu/workspace/ajax/productimagesmanager.ajax.php on line 11 and defined in /home/ubuntu/workspace/classes/productimages.class.php on line 50
[28-May-2018 08:53:47 UTC] PHP Stack trace:
[28-May-2018 08:53:47 UTC] PHP   1. {main}() /home/ubuntu/workspace/ajax/productimagesmanager.ajax.php:0
[28-May-2018 08:53:47 UTC] PHP   2. ProductImages->delete() /home/ubuntu/workspace/ajax/productimagesmanager.ajax.php:11
[28-May-2018 08:53:47 UTC] PHP Warning:  Missing argument 2 for ProductImages::delete(), called in /home/ubuntu/workspace/ajax/productimagesmanager.ajax.php on line 11 and defined in /home/ubuntu/workspace/classes/productimages.class.php on line 50
[28-May-2018 08:53:47 UTC] PHP Stack trace:
[28-May-2018 08:53:47 UTC] PHP   1. {main}() /home/ubuntu/workspace/ajax/productimagesmanager.ajax.php:0
[28-May-2018 08:53:47 UTC] PHP   2. ProductImages->delete() /home/ubuntu/workspace/ajax/productimagesmanager.ajax.php:11
[28-May-2018 09:38:39 UTC] PHP Warning:  Missing argument 1 for ProductImages::delete(), called in /home/ubuntu/workspace/ajax/productimagesmanager.ajax.php on line 11 and defined in /home/ubuntu/workspace/classes/productimages.class.php on line 50
[28-May-2018 09:38:39 UTC] PHP Stack trace:
[28-May-2018 09:38:39 UTC] PHP   1. {main}() /home/ubuntu/workspace/ajax/productimagesmanager.ajax.php:0
[28-May-2018 09:38:39 UTC] PHP   2. ProductImages->delete() /home/ubuntu/workspace/ajax/productimagesmanager.ajax.php:11
[28-May-2018 09:38:39 UTC] PHP Warning:  Missing argument 2 for ProductImages::delete(), called in /home/ubuntu/workspace/ajax/productimagesmanager.ajax.php on line 11 and defined in /home/ubuntu/workspace/classes/productimages.class.php on line 50
[28-May-2018 09:38:39 UTC] PHP Stack trace:
[28-May-2018 09:38:39 UTC] PHP   1. {main}() /home/ubuntu/workspace/ajax/productimagesmanager.ajax.php:0
[28-May-2018 09:38:39 UTC] PHP   2. ProductImages->delete() /home/ubuntu/workspace/ajax/productimagesmanager.ajax.php:11
[29-May-2018 09:25:26 UTC] PHP Fatal error:  Call to undefined method ProductsUpdate::getOrder() in /home/ubuntu/workspace/admin/sales_record.php on line 9
[29-May-2018 09:25:26 UTC] PHP Stack trace:
[29-May-2018 09:25:26 UTC] PHP   1. {main}() /home/ubuntu/workspace/admin/sales_record.php:0
[30-May-2018 01:22:45 UTC] PHP Warning:  Invalid argument supplied for foreach() in /home/ubuntu/workspace/classes/productsupdate.class.php on line 98
[30-May-2018 01:22:45 UTC] PHP Stack trace:
[30-May-2018 01:22:45 UTC] PHP   1. {main}() /home/ubuntu/workspace/admin/product_edit.php:0
[30-May-2018 01:22:45 UTC] PHP   2. ProductsUpdate->editProduct() /home/ubuntu/workspace/admin/product_edit.php:49
[30-May-2018 01:24:07 UTC] PHP Warning:  Missing argument 1 for ProductImages::delete(), called in /home/ubuntu/workspace/ajax/productimagesmanager.ajax.php on line 11 and defined in /home/ubuntu/workspace/classes/productimages.class.php on line 50
[30-May-2018 01:24:07 UTC] PHP Stack trace:
[30-May-2018 01:24:07 UTC] PHP   1. {main}() /home/ubuntu/workspace/ajax/productimagesmanager.ajax.php:0
[30-May-2018 01:24:07 UTC] PHP   2. ProductImages->delete() /home/ubuntu/workspace/ajax/productimagesmanager.ajax.php:11
[30-May-2018 01:24:07 UTC] PHP Warning:  Missing argument 2 for ProductImages::delete(), called in /home/ubuntu/workspace/ajax/productimagesmanager.ajax.php on line 11 and defined in /home/ubuntu/workspace/classes/productimages.class.php on line 50
[30-May-2018 01:24:07 UTC] PHP Stack trace:
[30-May-2018 01:24:07 UTC] PHP   1. {main}() /home/ubuntu/workspace/ajax/productimagesmanager.ajax.php:0
[30-May-2018 01:24:07 UTC] PHP   2. ProductImages->delete() /home/ubuntu/workspace/ajax/productimagesmanager.ajax.php:11
[30-May-2018 01:28:45 UTC] PHP Warning:  Missing argument 1 for ProductImages::delete(), called in /home/ubuntu/workspace/ajax/productimagesmanager.ajax.php on line 11 and defined in /home/ubuntu/workspace/classes/productimages.class.php on line 50
[30-May-2018 01:28:45 UTC] PHP Stack trace:
[30-May-2018 01:28:45 UTC] PHP   1. {main}() /home/ubuntu/workspace/ajax/productimagesmanager.ajax.php:0
[30-May-2018 01:28:45 UTC] PHP   2. ProductImages->delete() /home/ubuntu/workspace/ajax/productimagesmanager.ajax.php:11
[30-May-2018 01:28:45 UTC] PHP Warning:  Missing argument 2 for ProductImages::delete(), called in /home/ubuntu/workspace/ajax/productimagesmanager.ajax.php on line 11 and defined in /home/ubuntu/workspace/classes/productimages.class.php on line 50
[30-May-2018 01:28:45 UTC] PHP Stack trace:
[30-May-2018 01:28:45 UTC] PHP   1. {main}() /home/ubuntu/workspace/ajax/productimagesmanager.ajax.php:0
[30-May-2018 01:28:45 UTC] PHP   2. ProductImages->delete() /home/ubuntu/workspace/ajax/productimagesmanager.ajax.php:11
[30-May-2018 01:29:07 UTC] PHP Warning:  Missing argument 1 for ProductImages::delete(), called in /home/ubuntu/workspace/ajax/productimagesmanager.ajax.php on line 11 and defined in /home/ubuntu/workspace/classes/productimages.class.php on line 50
[30-May-2018 01:29:07 UTC] PHP Stack trace:
[30-May-2018 01:29:07 UTC] PHP   1. {main}() /home/ubuntu/workspace/ajax/productimagesmanager.ajax.php:0
[30-May-2018 01:29:07 UTC] PHP   2. ProductImages->delete() /home/ubuntu/workspace/ajax/productimagesmanager.ajax.php:11
[30-May-2018 01:29:07 UTC] PHP Warning:  Missing argument 2 for ProductImages::delete(), called in /home/ubuntu/workspace/ajax/productimagesmanager.ajax.php on line 11 and defined in /home/ubuntu/workspace/classes/productimages.class.php on line 50
[30-May-2018 01:29:07 UTC] PHP Stack trace:
[30-May-2018 01:29:07 UTC] PHP   1. {main}() /home/ubuntu/workspace/ajax/productimagesmanager.ajax.php:0
[30-May-2018 01:29:07 UTC] PHP   2. ProductImages->delete() /home/ubuntu/workspace/ajax/productimagesmanager.ajax.php:11
[30-May-2018 01:31:51 UTC] PHP Warning:  Missing argument 1 for ProductImages::delete(), called in /home/ubuntu/workspace/ajax/productimagesmanager.ajax.php on line 11 and defined in /home/ubuntu/workspace/classes/productimages.class.php on line 50
[30-May-2018 01:31:51 UTC] PHP Stack trace:
[30-May-2018 01:31:51 UTC] PHP   1. {main}() /home/ubuntu/workspace/ajax/productimagesmanager.ajax.php:0
[30-May-2018 01:31:51 UTC] PHP   2. ProductImages->delete() /home/ubuntu/workspace/ajax/productimagesmanager.ajax.php:11
[30-May-2018 01:31:51 UTC] PHP Warning:  Missing argument 2 for ProductImages::delete(), called in /home/ubuntu/workspace/ajax/productimagesmanager.ajax.php on line 11 and defined in /home/ubuntu/workspace/classes/productimages.class.php on line 50
[30-May-2018 01:31:51 UTC] PHP Stack trace:
[30-May-2018 01:31:51 UTC] PHP   1. {main}() /home/ubuntu/workspace/ajax/productimagesmanager.ajax.php:0
[30-May-2018 01:31:51 UTC] PHP   2. ProductImages->delete() /home/ubuntu/workspace/ajax/productimagesmanager.ajax.php:11
[30-May-2018 01:55:43 UTC] PHP Fatal error:  Call to undefined method ProductImages::add() in /home/ubuntu/workspace/ajax/productimagesmanager.ajax.php on line 13
[30-May-2018 01:55:43 UTC] PHP Stack trace:
[30-May-2018 01:55:43 UTC] PHP   1. {main}() /home/ubuntu/workspace/ajax/productimagesmanager.ajax.php:0
[30-May-2018 01:58:07 UTC] PHP Fatal error:  Call to undefined method ProductImages::add() in /home/ubuntu/workspace/ajax/productimagesmanager.ajax.php on line 13
[30-May-2018 01:58:07 UTC] PHP Stack trace:
[30-May-2018 01:58:07 UTC] PHP   1. {main}() /home/ubuntu/workspace/ajax/productimagesmanager.ajax.php:0
[30-May-2018 02:17:50 UTC] PHP Warning:  mkdir(): No such file or directory in /home/ubuntu/workspace/ajax/productimagesmanager.ajax.php on line 24
[30-May-2018 02:17:50 UTC] PHP Stack trace:
[30-May-2018 02:17:50 UTC] PHP   1. {main}() /home/ubuntu/workspace/ajax/productimagesmanager.ajax.php:0
[30-May-2018 02:17:50 UTC] PHP   2. mkdir() /home/ubuntu/workspace/ajax/productimagesmanager.ajax.php:24
[30-May-2018 02:17:50 UTC] PHP Warning:  file_put_contents(images/user.png): failed to open stream: No such file or directory in /home/ubuntu/workspace/ajax/productimagesmanager.ajax.php on line 26
[30-May-2018 02:17:50 UTC] PHP Stack trace:
[30-May-2018 02:17:50 UTC] PHP   1. {main}() /home/ubuntu/workspace/ajax/productimagesmanager.ajax.php:0
[30-May-2018 02:17:50 UTC] PHP   2. file_put_contents() /home/ubuntu/workspace/ajax/productimagesmanager.ajax.php:26
[30-May-2018 02:18:14 UTC] PHP Warning:  mkdir(): No such file or directory in /home/ubuntu/workspace/ajax/productimagesmanager.ajax.php on line 24
[30-May-2018 02:18:14 UTC] PHP Stack trace:
[30-May-2018 02:18:14 UTC] PHP   1. {main}() /home/ubuntu/workspace/ajax/productimagesmanager.ajax.php:0
[30-May-2018 02:18:14 UTC] PHP   2. mkdir() /home/ubuntu/workspace/ajax/productimagesmanager.ajax.php:24
[30-May-2018 02:18:14 UTC] PHP Warning:  file_put_contents(images/user.png): failed to open stream: No such file or directory in /home/ubuntu/workspace/ajax/productimagesmanager.ajax.php on line 26
[30-May-2018 02:18:14 UTC] PHP Stack trace:
[30-May-2018 02:18:14 UTC] PHP   1. {main}() /home/ubuntu/workspace/ajax/productimagesmanager.ajax.php:0
[30-May-2018 02:18:14 UTC] PHP   2. file_put_contents() /home/ubuntu/workspace/ajax/productimagesmanager.ajax.php:26
